<?xml version="1.0" encoding="UTF-8"?>
<!-- Generated by org.testng.reporters.JUnitXMLReporter -->
<testsuite ignored="11" hostname="DESKTOP-QQJINFP" failures="0" tests="1" name="Add Items Then Remove Items From Cart Page And Checkout Successfully" time="4.44" errors="0" timestamp="2025-04-27T16:41:41 ART">
  <testcase classname="TestCases.StandardUser_PurchaseTest" name="addItemsThenRemoveItemsFromCartPageAndCheckoutSuccessfully" time="2.458"/>
  <testcase classname="TestCases.StandardUser_PurchaseTest" name="cancelOnCheckoutStepTwoAndRedirectedToStepOne" time="0.0">
    <ignored/>
  </testcase> <!-- cancelOnCheckoutStepTwoAndRedirectedToStepOne -->
  <testcase classname="TestCases.StandardUser_PurchaseTest" name="clickBackHomeAfterCompleteCheckoutAndReturnToLoginPage" time="0.0">
    <ignored/>
  </testcase> <!-- clickBackHomeAfterCompleteCheckoutAndReturnToLoginPage -->
  <testcase classname="TestCases.StandardUser_PurchaseTest" name="logoutOnCheckoutStepTwoAndRedirectedToLoginPage" time="0.0">
    <ignored/>
  </testcase> <!-- logoutOnCheckoutStepTwoAndRedirectedToLoginPage -->
  <testcase classname="TestCases.StandardUser_PurchaseTest" name="logoutOnCheckoutStepOneAndRedirectedToLoginPage" time="0.0">
    <ignored/>
  </testcase> <!-- logoutOnCheckoutStepOneAndRedirectedToLoginPage -->
  <testcase classname="TestCases.StandardUser_PurchaseTest" name="addItemsToCartAndLogoutAndReLoginCompletePurchase" time="0.0">
    <ignored/>
  </testcase> <!-- addItemsToCartAndLogoutAndReLoginCompletePurchase -->
  <testcase classname="TestCases.StandardUser_PurchaseTest" name="addItemsToCartAndCheckoutSuccessfully" time="0.0">
    <ignored/>
  </testcase> <!-- addItemsToCartAndCheckoutSuccessfully -->
  <testcase classname="TestCases.StandardUser_PurchaseTest" name="logoutOnCartPageAndRedirectedToLoginPage" time="0.0">
    <ignored/>
  </testcase> <!-- logoutOnCartPageAndRedirectedToLoginPage -->
  <testcase classname="TestCases.StandardUser_PurchaseTest" name="clickContinueShoppingOnCartPageAndAddItemsThenCompleteCheckout" time="0.0">
    <ignored/>
  </testcase> <!-- clickContinueShoppingOnCartPageAndAddItemsThenCompleteCheckout -->
  <testcase classname="TestCases.StandardUser_PurchaseTest" name="cancelOnCheckoutStepOneAndRedirectedToCartPage" time="0.0">
    <ignored/>
  </testcase> <!-- cancelOnCheckoutStepOneAndRedirectedToCartPage -->
  <testcase classname="TestCases.StandardUser_PurchaseTest" name="logoutOnInventoryPageAndRedirectedToLoginPage" time="0.0">
    <ignored/>
  </testcase> <!-- logoutOnInventoryPageAndRedirectedToLoginPage -->
  <testcase classname="TestCases.StandardUser_PurchaseTest" name="addAndRemoveItemsFromInventoryPageAndCheckoutSuccessfully" time="0.0">
    <ignored/>
  </testcase> <!-- addAndRemoveItemsFromInventoryPageAndCheckoutSuccessfully -->
</testsuite> <!-- Add Items Then Remove Items From Cart Page And Checkout Successfully -->
