<?xml version="1.0" encoding="UTF-8"?>
<!-- Generated by org.testng.reporters.JUnitXMLReporter -->
<testsuite ignored="8" hostname="DESKTOP-QQJINFP" failures="0" tests="1" name="Enter Locked Out Username And Valid Password" time="2.516" errors="0" timestamp="2025-04-27T16:40:46 ART">
  <testcase classname="TestCases.LoginTest" name="enterLockedOutUsernameAndValidPassword" time="0.622"/>
  <testcase classname="TestCases.LoginTest" name="enterValidUsernameAndInvalidPassword" time="0.0">
    <ignored/>
  </testcase> <!-- enterValidUsernameAndInvalidPassword -->
  <testcase classname="TestCases.LoginTest" name="enterInvalidUsernameAndAndInvalidPassword" time="0.0">
    <ignored/>
  </testcase> <!-- enterInvalidUsernameAndAndInvalidPassword -->
  <testcase classname="TestCases.LoginTest" name="enterInvalidUsernameAndAndValidPassword" time="0.0">
    <ignored/>
  </testcase> <!-- enterInvalidUsernameAndAndValidPassword -->
  <testcase classname="TestCases.LoginTest" name="enterProblemUsernameAndValidPassword" time="0.0">
    <ignored/>
  </testcase> <!-- enterProblemUsernameAndValidPassword -->
  <testcase classname="TestCases.LoginTest" name="enterPerformanceGlitchUsernameAndValidPassword" time="0.0">
    <ignored/>
  </testcase> <!-- enterPerformanceGlitchUsernameAndValidPassword -->
  <testcase classname="TestCases.LoginTest" name="enterStandardUsernameAndValidPassword" time="0.0">
    <ignored/>
  </testcase> <!-- enterStandardUsernameAndValidPassword -->
  <testcase classname="TestCases.LoginTest" name="leaveUsernameAndPasswordEmpty" time="0.0">
    <ignored/>
  </testcase> <!-- leaveUsernameAndPasswordEmpty -->
  <testcase classname="TestCases.LoginTest" name="enterValidUsernameAndLeavePasswordEmpty" time="0.0">
    <ignored/>
  </testcase> <!-- enterValidUsernameAndLeavePasswordEmpty -->
</testsuite> <!-- Enter Locked Out Username And Valid Password -->
